2012-11-27 17:05:14 Notice: Notice (8): Undefined index:  BLR in [/home/gillette/public_html/site/models/jogador.php, line 126]
2012-11-27 17:05:14 Notice: Notice (8): Undefined index:  USA in [/home/gillette/public_html/site/models/jogador.php, line 126]
2012-11-27 17:05:14 Notice: Notice (8): Undefined index:  SWE in [/home/gillette/public_html/site/models/jogador.php, line 126]
2012-11-27 17:05:14 Notice: Notice (8): Undefined index:  RUS in [/home/gillette/public_html/site/models/jogador.php, line 126]
2012-11-27 17:05:14 Notice: Notice (8): Undefined index:  USA in [/home/gillette/public_html/site/models/jogador.php, line 126]
2012-11-27 17:05:14 Notice: Notice (8): Undefined index:  USA in [/home/gillette/public_html/site/models/jogador.php, line 126]
2012-11-27 17:05:14 Notice: Notice (8): Undefined index:  ESP in [/home/gillette/public_html/site/models/jogador.php, line 126]
2012-11-27 17:05:14 Notice: Notice (8): Undefined index:  FRA in [/home/gillette/public_html/site/models/jogador.php, line 126]
2012-11-27 17:05:14 Notice: Notice (8): Undefined index:  DNK in [/home/gillette/public_html/site/models/jogador.php, line 126]
2012-11-27 17:05:14 Notice: Notice (8): Undefined index:  BRA in [/home/gillette/public_html/site/models/jogador.php, line 126]
2012-11-27 17:05:14 Notice: Notice (8): Undefined index:  BRA in [/home/gillette/public_html/site/models/jogador.php, line 126]
2012-11-27 17:05:14 Notice: Notice (8): Undefined index:  BRA in [/home/gillette/public_html/site/models/jogador.php, line 126]
2012-11-27 17:05:14 Notice: Notice (8): Undefined index:  ESP in [/home/gillette/public_html/site/models/jogador.php, line 126]
2012-11-27 17:06:14 Notice: Notice (8): Undefined index:  USA in [/home/gillette/public_html/site/models/jogador.php, line 126]
2012-11-27 17:06:14 Notice: Notice (8): Undefined index:  SWE in [/home/gillette/public_html/site/models/jogador.php, line 126]
2012-11-27 17:06:14 Notice: Notice (8): Undefined index:  RUS in [/home/gillette/public_html/site/models/jogador.php, line 126]
2012-11-27 17:06:14 Notice: Notice (8): Undefined index:  USA in [/home/gillette/public_html/site/models/jogador.php, line 126]
2012-11-27 17:06:14 Notice: Notice (8): Undefined index:  USA in [/home/gillette/public_html/site/models/jogador.php, line 126]
2012-11-27 17:06:14 Notice: Notice (8): Undefined index:  ESP in [/home/gillette/public_html/site/models/jogador.php, line 126]
2012-11-27 17:06:14 Notice: Notice (8): Undefined index:  FRA in [/home/gillette/public_html/site/models/jogador.php, line 126]
2012-11-27 17:06:14 Notice: Notice (8): Undefined index:  DNK in [/home/gillette/public_html/site/models/jogador.php, line 126]
2012-11-27 17:06:14 Notice: Notice (8): Undefined index:  BRA in [/home/gillette/public_html/site/models/jogador.php, line 126]
2012-11-27 17:06:14 Notice: Notice (8): Undefined index:  BRA in [/home/gillette/public_html/site/models/jogador.php, line 126]
2012-11-27 17:06:14 Notice: Notice (8): Undefined index:  BRA in [/home/gillette/public_html/site/models/jogador.php, line 126]
2012-11-27 17:06:14 Notice: Notice (8): Undefined index:  ESP in [/home/gillette/public_html/site/models/jogador.php, line 126]
2012-11-27 17:06:33 Notice: Notice (8): Undefined index:  USA in [/home/gillette/public_html/site/models/jogador.php, line 126]
2012-11-27 17:06:33 Notice: Notice (8): Undefined index:  SWE in [/home/gillette/public_html/site/models/jogador.php, line 126]
2012-11-27 17:06:33 Notice: Notice (8): Undefined index:  RUS in [/home/gillette/public_html/site/models/jogador.php, line 126]
2012-11-27 17:06:33 Notice: Notice (8): Undefined index:  USA in [/home/gillette/public_html/site/models/jogador.php, line 126]
2012-11-27 17:06:33 Notice: Notice (8): Undefined index:  USA in [/home/gillette/public_html/site/models/jogador.php, line 126]
2012-11-27 17:06:33 Notice: Notice (8): Undefined index:  ESP in [/home/gillette/public_html/site/models/jogador.php, line 126]
2012-11-27 17:06:33 Notice: Notice (8): Undefined index:  FRA in [/home/gillette/public_html/site/models/jogador.php, line 126]
2012-11-27 17:06:33 Notice: Notice (8): Undefined index:  DNK in [/home/gillette/public_html/site/models/jogador.php, line 126]
2012-11-27 17:06:33 Notice: Notice (8): Undefined index:  BRA in [/home/gillette/public_html/site/models/jogador.php, line 126]
2012-11-27 17:06:33 Notice: Notice (8): Undefined index:  BRA in [/home/gillette/public_html/site/models/jogador.php, line 126]
2012-11-27 17:06:33 Notice: Notice (8): Undefined index:  BRA in [/home/gillette/public_html/site/models/jogador.php, line 126]
2012-11-27 17:06:33 Notice: Notice (8): Undefined index:  ESP in [/home/gillette/public_html/site/models/jogador.php, line 126]
2012-11-27 17:07:34 Notice: Notice (8): Undefined index:  USA in [/home/gillette/public_html/site/models/jogador.php, line 126]
2012-11-27 17:07:34 Notice: Notice (8): Undefined index:  SWE in [/home/gillette/public_html/site/models/jogador.php, line 126]
2012-11-27 17:07:34 Notice: Notice (8): Undefined index:  RUS in [/home/gillette/public_html/site/models/jogador.php, line 126]
2012-11-27 17:07:34 Notice: Notice (8): Undefined index:  USA in [/home/gillette/public_html/site/models/jogador.php, line 126]
2012-11-27 17:07:34 Notice: Notice (8): Undefined index:  USA in [/home/gillette/public_html/site/models/jogador.php, line 126]
2012-11-27 17:07:34 Notice: Notice (8): Undefined index:  ESP in [/home/gillette/public_html/site/models/jogador.php, line 126]
2012-11-27 17:07:34 Notice: Notice (8): Undefined index:  FRA in [/home/gillette/public_html/site/models/jogador.php, line 126]
2012-11-27 17:07:34 Notice: Notice (8): Undefined index:  DNK in [/home/gillette/public_html/site/models/jogador.php, line 126]
2012-11-27 17:07:34 Notice: Notice (8): Undefined index:  BRA in [/home/gillette/public_html/site/models/jogador.php, line 126]
2012-11-27 17:07:34 Notice: Notice (8): Undefined index:  BRA in [/home/gillette/public_html/site/models/jogador.php, line 126]
2012-11-27 17:07:34 Notice: Notice (8): Undefined index:  BRA in [/home/gillette/public_html/site/models/jogador.php, line 126]
2012-11-27 17:07:34 Notice: Notice (8): Undefined index:  ESP in [/home/gillette/public_html/site/models/jogador.php, line 126]
2012-11-27 17:08:28 Notice: Notice (8): Undefined index:  USA in [/home/gillette/public_html/site/models/jogador.php, line 126]
2012-11-27 17:08:28 Notice: Notice (8): Undefined index:  SWE in [/home/gillette/public_html/site/models/jogador.php, line 126]
2012-11-27 17:08:28 Notice: Notice (8): Undefined index:  RUS in [/home/gillette/public_html/site/models/jogador.php, line 126]
2012-11-27 17:08:28 Notice: Notice (8): Undefined index:  USA in [/home/gillette/public_html/site/models/jogador.php, line 126]
2012-11-27 17:08:28 Notice: Notice (8): Undefined index:  USA in [/home/gillette/public_html/site/models/jogador.php, line 126]
2012-11-27 17:08:28 Notice: Notice (8): Undefined index:  ESP in [/home/gillette/public_html/site/models/jogador.php, line 126]
2012-11-27 17:08:28 Notice: Notice (8): Undefined index:  FRA in [/home/gillette/public_html/site/models/jogador.php, line 126]
2012-11-27 17:08:28 Notice: Notice (8): Undefined index:  DNK in [/home/gillette/public_html/site/models/jogador.php, line 126]
2012-11-27 17:08:28 Notice: Notice (8): Undefined index:  BRA in [/home/gillette/public_html/site/models/jogador.php, line 126]
2012-11-27 17:08:28 Notice: Notice (8): Undefined index:  BRA in [/home/gillette/public_html/site/models/jogador.php, line 126]
2012-11-27 17:08:28 Notice: Notice (8): Undefined index:  BRA in [/home/gillette/public_html/site/models/jogador.php, line 126]
2012-11-27 17:08:28 Notice: Notice (8): Undefined index:  ESP in [/home/gillette/public_html/site/models/jogador.php, line 126]
2012-11-27 17:14:33 Notice: Notice (8): Undefined index:  USA in [/home/gillette/public_html/site/models/jogador.php, line 126]
2012-11-27 17:14:33 Notice: Notice (8): Undefined index:  SWE in [/home/gillette/public_html/site/models/jogador.php, line 126]
2012-11-27 17:14:33 Notice: Notice (8): Undefined index:  RUS in [/home/gillette/public_html/site/models/jogador.php, line 126]
2012-11-27 17:14:33 Notice: Notice (8): Undefined index:  USA in [/home/gillette/public_html/site/models/jogador.php, line 126]
2012-11-27 17:14:33 Notice: Notice (8): Undefined index:  USA in [/home/gillette/public_html/site/models/jogador.php, line 126]
2012-11-27 17:14:33 Notice: Notice (8): Undefined index:  ESP in [/home/gillette/public_html/site/models/jogador.php, line 126]
2012-11-27 17:14:33 Notice: Notice (8): Undefined index:  FRA in [/home/gillette/public_html/site/models/jogador.php, line 126]
2012-11-27 17:14:33 Notice: Notice (8): Undefined index:  DNK in [/home/gillette/public_html/site/models/jogador.php, line 126]
2012-11-27 17:14:33 Notice: Notice (8): Undefined index:  BRA in [/home/gillette/public_html/site/models/jogador.php, line 126]
2012-11-27 17:14:33 Notice: Notice (8): Undefined index:  BRA in [/home/gillette/public_html/site/models/jogador.php, line 126]
2012-11-27 17:14:33 Notice: Notice (8): Undefined index:  BRA in [/home/gillette/public_html/site/models/jogador.php, line 126]
2012-11-27 17:14:33 Notice: Notice (8): Undefined index:  ESP in [/home/gillette/public_html/site/models/jogador.php, line 126]
2012-12-07 16:34:42 Notice: Notice (8): Undefined offset:  0 in [/home/gillette/public_html/site/app_controller.php, line 94]
2012-12-07 16:34:47 Notice: Notice (8): Undefined offset:  0 in [/home/gillette/public_html/site/app_controller.php, line 94]
2012-12-07 16:35:11 Notice: Notice (8): Undefined offset:  0 in [/home/gillette/public_html/site/app_controller.php, line 94]
2012-12-07 16:40:30 Notice: Notice (8): Undefined offset:  0 in [/home/gillette/public_html/site/app_controller.php, line 94]
2012-12-07 18:18:36 Notice: Notice (8): Undefined offset:  0 in [/home/gillette/public_html/site/app_controller.php, line 94]
2012-12-07 18:34:04 Notice: Notice (8): Undefined offset:  0 in [/home/gillette/public_html/site/app_controller.php, line 94]
2012-12-07 20:29:57 Notice: Notice (8): Undefined offset:  0 in [/home/gillette/public_html/site/app_controller.php, line 94]
2012-12-07 23:01:14 Notice: Notice (8): Undefined variable: galeria_atual in [/home/gillette/public_html/site/controllers/galerias_controller.php, line 101]
2012-12-07 23:07:07 Notice: Notice (8): Undefined variable: galeria_atual in [/home/gillette/public_html/site/controllers/galerias_controller.php, line 101]
2012-12-08 03:48:51 Notice: Notice (8): Undefined offset:  0 in [/home/gillette/public_html/site/app_controller.php, line 94]
2012-12-08 08:19:43 Notice: Notice (8): Undefined offset:  0 in [/home/gillette/public_html/site/app_controller.php, line 94]
2012-12-08 10:18:55 Notice: Notice (8): Undefined offset:  0 in [/home/gillette/public_html/site/app_controller.php, line 94]
2012-12-08 16:47:44 Notice: Notice (8): Undefined variable: galeria_atual in [/home/gillette/public_html/site/controllers/galerias_controller.php, line 101]
2012-12-08 18:36:41 Notice: Notice (8): Undefined variable: galeria_atual in [/home/gillette/public_html/site/controllers/galerias_controller.php, line 101]
2012-12-08 19:50:31 Notice: Notice (8): Undefined variable: galeria_atual in [/home/gillette/public_html/site/controllers/galerias_controller.php, line 101]
2012-12-09 01:35:48 Notice: Notice (8): Undefined variable: galeria_atual in [/home/gillette/public_html/site/controllers/galerias_controller.php, line 101]
2012-12-09 09:51:25 Notice: Notice (8): Undefined offset:  0 in [/home/gillette/public_html/site/app_controller.php, line 94]
2012-12-09 13:51:07 Notice: Notice (8): Undefined offset:  0 in [/home/gillette/public_html/site/app_controller.php, line 94]
2012-12-09 17:39:41 Notice: Notice (8): Undefined offset:  0 in [/home/gillette/public_html/site/app_controller.php, line 94]
2012-12-10 00:58:19 Notice: Notice (8): Undefined offset:  0 in [/home/gillette/public_html/site/app_controller.php, line 94]
2012-12-10 08:51:23 Notice: Notice (8): Undefined offset:  0 in [/home/gillette/public_html/site/app_controller.php, line 94]
2012-12-10 09:34:47 Notice: Notice (8): Undefined variable: galeria_atual in [/home/gillette/public_html/site/controllers/galerias_controller.php, line 101]
2012-12-10 09:34:58 Notice: Notice (8): Undefined variable: galeria_atual in [/home/gillette/public_html/site/controllers/galerias_controller.php, line 101]
2012-12-10 09:35:19 Notice: Notice (8): Undefined variable: galeria_atual in [/home/gillette/public_html/site/controllers/galerias_controller.php, line 101]
2012-12-10 09:35:31 Notice: Notice (8): Undefined variable: galeria_atual in [/home/gillette/public_html/site/controllers/galerias_controller.php, line 101]
2012-12-10 09:35:41 Notice: Notice (8): Undefined variable: galeria_atual in [/home/gillette/public_html/site/controllers/galerias_controller.php, line 101]
2012-12-10 09:36:46 Notice: Notice (8): Undefined variable: galeria_atual in [/home/gillette/public_html/site/controllers/galerias_controller.php, line 112]
2012-12-10 09:37:01 Notice: Notice (8): Undefined variable: galeria_atual in [/home/gillette/public_html/site/controllers/galerias_controller.php, line 112]
2012-12-10 11:29:48 Notice: Notice (8): Undefined variable: galeria_atual in [/home/gillette/public_html/site/controllers/galerias_controller.php, line 112]
2012-12-10 12:13:50 Notice: Notice (8): Undefined variable: galeria_atual in [/home/gillette/public_html/site/controllers/galerias_controller.php, line 112]
2012-12-10 13:48:25 Notice: Notice (8): Undefined property: Galeria::$hasOnly in [/home/gillette/cakephp_framework.1.3/cake/libs/model/model.php, line 533]
2012-12-10 13:48:29 Notice: Notice (8): Undefined property: Galeria::$hasOnly in [/home/gillette/cakephp_framework.1.3/cake/libs/model/model.php, line 533]
2012-12-10 13:48:31 Notice: Notice (8): Undefined property: Galeria::$hasOnly in [/home/gillette/cakephp_framework.1.3/cake/libs/model/model.php, line 533]
2012-12-10 13:48:33 Notice: Notice (8): Undefined property: Galeria::$hasOnly in [/home/gillette/cakephp_framework.1.3/cake/libs/model/model.php, line 533]
2012-12-10 13:48:38 Notice: Notice (8): Undefined property: Galeria::$hasOnly in [/home/gillette/cakephp_framework.1.3/cake/libs/model/model.php, line 533]
2012-12-10 13:48:42 Notice: Notice (8): Undefined property: Galeria::$hasOnly in [/home/gillette/cakephp_framework.1.3/cake/libs/model/model.php, line 533]
2012-12-10 13:48:43 Notice: Notice (8): Undefined property: Galeria::$hasOnly in [/home/gillette/cakephp_framework.1.3/cake/libs/model/model.php, line 533]
2012-12-10 13:48:50 Notice: Notice (8): Undefined property: Galeria::$hasOnly in [/home/gillette/cakephp_framework.1.3/cake/libs/model/model.php, line 533]
2012-12-10 13:48:59 Notice: Notice (8): Undefined property: Galeria::$hasOnly in [/home/gillette/cakephp_framework.1.3/cake/libs/model/model.php, line 533]
2012-12-10 13:49:30 Notice: Notice (8): Undefined property: Galeria::$hasOnly in [/home/gillette/cakephp_framework.1.3/cake/libs/model/model.php, line 533]
2012-12-11 13:55:09 Notice: Notice (8): Undefined variable: galeria_atual in [/home/gillette/public_html/site/controllers/galerias_controller.php, line 104]
2012-12-12 02:12:11 Notice: Notice (8): Undefined offset:  0 in [/home/gillette/public_html/site/app_controller.php, line 94]
2012-12-12 05:32:09 Notice: Notice (8): Undefined variable: galeria_atual in [/home/gillette/public_html/site/controllers/galerias_controller.php, line 104]
2012-12-12 05:33:34 Notice: Notice (8): Undefined variable: galeria_atual in [/home/gillette/public_html/site/controllers/galerias_controller.php, line 104]
2012-12-13 05:27:13 Notice: Notice (8): Undefined variable: galeria_atual in [/home/gillette/public_html/site/controllers/galerias_controller.php, line 104]
2012-12-14 01:33:00 Notice: Notice (8): Undefined offset:  0 in [/home/gillette/public_html/site/app_controller.php, line 94]
2012-12-14 02:10:38 Notice: Notice (8): Undefined offset:  0 in [/home/gillette/public_html/site/app_controller.php, line 94]
2012-12-14 02:24:52 Notice: Notice (8): Undefined offset:  0 in [/home/gillette/public_html/site/app_controller.php, line 94]
2012-12-14 05:21:53 Notice: Notice (8): Undefined offset:  0 in [/home/gillette/public_html/site/app_controller.php, line 94]
2012-12-14 14:35:20 Notice: Notice (8): Undefined offset:  0 in [/home/gillette/public_html/site/app_controller.php, line 94]
2012-12-15 07:34:47 Notice: Notice (8): Undefined offset:  0 in [/home/gillette/public_html/site/app_controller.php, line 94]
2012-12-15 07:43:29 Notice: Notice (8): Undefined offset:  0 in [/home/gillette/public_html/site/app_controller.php, line 94]
2012-12-15 17:07:32 Notice: Notice (8): Undefined offset:  0 in [/home/gillette/public_html/site/app_controller.php, line 94]
2012-12-16 18:51:18 Notice: Notice (8): Undefined offset:  0 in [/home/gillette/public_html/site/app_controller.php, line 94]
2012-12-16 18:51:22 Notice: Notice (8): Undefined offset:  0 in [/home/gillette/public_html/site/app_controller.php, line 94]
2012-12-17 14:24:19 Notice: Notice (8): Undefined offset:  0 in [/home/gillette/public_html/site/app_controller.php, line 94]
2012-12-17 16:45:45 Notice: Notice (8): Undefined offset:  0 in [/home/gillette/public_html/site/app_controller.php, line 94]
2012-12-21 22:28:45 Notice: Notice (8): Undefined offset:  0 in [/home/gillette/public_html/site/app_controller.php, line 94]
2012-12-23 15:12:09 Notice: Notice (8): Undefined offset:  0 in [/home/gillette/public_html/site/app_controller.php, line 94]
2012-12-23 17:42:27 Notice: Notice (8): Undefined offset:  0 in [/home/gillette/public_html/site/app_controller.php, line 94]
2012-12-23 20:34:43 Notice: Notice (8): Undefined variable: galeria_atual in [/home/gillette/public_html/site/controllers/galerias_controller.php, line 104]
2012-12-23 20:34:47 Notice: Notice (8): Undefined variable: galeria_atual in [/home/gillette/public_html/site/controllers/galerias_controller.php, line 104]
2012-12-25 12:28:24 Notice: Notice (8): Undefined offset:  0 in [/home/gillette/public_html/site/app_controller.php, line 94]
2012-12-25 14:42:36 Notice: Notice (8): Undefined offset:  0 in [/home/gillette/public_html/site/app_controller.php, line 94]
2012-12-26 16:49:57 Notice: Notice (8): Undefined variable: galeria_atual in [/home/gillette/public_html/site/controllers/galerias_controller.php, line 104]
2012-12-26 16:50:01 Notice: Notice (8): Undefined variable: galeria_atual in [/home/gillette/public_html/site/controllers/galerias_controller.php, line 104]
2012-12-27 14:52:47 Notice: Notice (8): Undefined offset:  0 in [/home/gillette/public_html/site/app_controller.php, line 94]
2012-12-28 18:31:16 Notice: Notice (8): Undefined offset:  0 in [/home/gillette/public_html/site/app_controller.php, line 94]
2012-12-30 09:08:50 Notice: Notice (8): Undefined offset:  0 in [/home/gillette/public_html/site/app_controller.php, line 94]
2012-12-30 16:26:31 Notice: Notice (8): Undefined offset:  0 in [/home/gillette/public_html/site/app_controller.php, line 94]
2012-12-31 06:31:13 Notice: Notice (8): Undefined offset:  0 in [/home/gillette/public_html/site/app_controller.php, line 94]
2012-12-31 10:26:33 Notice: Notice (8): Undefined offset:  0 in [/home/gillette/public_html/site/app_controller.php, line 94]
2012-12-31 11:54:47 Notice: Notice (8): Undefined offset:  0 in [/home/gillette/public_html/site/app_controller.php, line 94]
2013-01-02 01:51:24 Notice: Notice (8): Undefined offset:  0 in [/home/gillette/public_html/site/app_controller.php, line 94]
2013-01-02 17:31:25 Notice: Notice (8): Undefined offset:  0 in [/home/gillette/public_html/site/app_controller.php, line 94]
2013-01-02 22:41:31 Notice: Notice (8): Undefined offset:  0 in [/home/gillette/public_html/site/app_controller.php, line 94]
2013-01-04 04:28:31 Notice: Notice (8): Undefined offset:  0 in [/home/gillette/public_html/site/app_controller.php, line 94]
2013-01-07 01:55:52 Notice: Notice (8): Undefined offset:  0 in [/home/gillette/public_html/site/app_controller.php, line 94]
2013-01-07 02:44:23 Notice: Notice (8): Undefined offset:  0 in [/home/gillette/public_html/site/app_controller.php, line 94]
2013-01-08 19:34:58 Notice: Notice (8): Undefined offset:  0 in [/home/gillette/public_html/site/app_controller.php, line 94]
2013-01-09 16:31:06 Notice: Notice (8): Undefined offset:  0 in [/home/gillette/public_html/site/app_controller.php, line 94]
2013-01-11 06:22:27 Notice: Notice (8): Undefined offset:  0 in [/home/gillette/public_html/site/app_controller.php, line 94]
2013-01-13 01:57:37 Notice: Notice (8): Undefined offset:  0 in [/home/gillette/public_html/site/app_controller.php, line 94]
2013-01-14 07:37:07 Notice: Notice (8): Undefined offset:  0 in [/home/gillette/public_html/site/app_controller.php, line 94]
2013-01-15 02:21:20 Notice: Notice (8): Undefined offset:  0 in [/home/gillette/public_html/site/app_controller.php, line 94]
2013-01-15 03:38:22 Notice: Notice (8): Undefined offset:  0 in [/home/gillette/public_html/site/app_controller.php, line 94]
2013-01-15 03:58:44 Notice: Notice (8): Undefined offset:  0 in [/home/gillette/public_html/site/app_controller.php, line 94]
2013-01-15 10:06:38 Notice: Notice (8): Undefined offset:  0 in [/home/gillette/public_html/site/app_controller.php, line 94]
2013-01-17 18:07:42 Notice: Notice (8): Undefined offset:  0 in [/home/gillette/public_html/site/app_controller.php, line 94]
2013-01-20 01:02:09 Notice: Notice (8): Undefined offset:  0 in [/home/gillette/public_html/site/app_controller.php, line 94]
2013-01-23 13:50:42 Notice: Notice (8): Undefined offset:  0 in [/home/gillette/public_html/site/app_controller.php, line 94]
2013-01-24 12:53:44 Notice: Notice (8): Undefined offset:  0 in [/home/gillette/public_html/site/app_controller.php, line 94]
2013-01-25 12:24:08 Notice: Notice (8): Undefined offset:  0 in [/home/gillette/public_html/site/app_controller.php, line 94]
2013-01-25 18:48:52 Notice: Notice (8): Undefined offset:  0 in [/home/gillette/public_html/site/app_controller.php, line 94]
2013-01-25 23:54:57 Notice: Notice (8): Undefined offset:  0 in [/home/gillette/public_html/site/app_controller.php, line 94]
2013-01-26 06:51:12 Notice: Notice (8): Undefined offset:  0 in [/home/gillette/public_html/site/app_controller.php, line 94]
2013-01-26 12:33:34 Notice: Notice (8): Undefined offset:  0 in [/home/gillette/public_html/site/app_controller.php, line 94]
2013-01-29 22:53:07 Notice: Notice (8): Undefined offset:  0 in [/home/gillette/public_html/site/app_controller.php, line 94]
2013-02-05 20:36:19 Notice: Notice (8): Undefined offset:  0 in [/home/gillette/public_html/site/app_controller.php, line 94]
2013-02-07 15:09:41 Notice: Notice (8): Undefined offset:  0 in [/home/gillette/public_html/site/app_controller.php, line 94]
2013-02-13 10:13:37 Notice: Notice (8): Undefined offset:  0 in [/home/gillette/public_html/site/app_controller.php, line 94]
2013-02-14 01:28:36 Notice: Notice (8): Undefined offset:  0 in [/home/gillette/public_html/site/app_controller.php, line 94]
2013-02-17 00:39:52 Notice: Notice (8): Undefined offset:  0 in [/home/gillette/public_html/site/app_controller.php, line 94]
2013-02-20 15:55:38 Notice: Notice (8): Undefined offset:  0 in [/home/gillette/public_html/site/app_controller.php, line 94]
2013-02-22 08:37:58 Notice: Notice (8): Undefined offset:  0 in [/home/gillette/public_html/site/app_controller.php, line 94]
2013-02-24 02:09:32 Notice: Notice (8): Undefined offset:  0 in [/home/gillette/public_html/site/app_controller.php, line 94]
2013-02-24 06:03:53 Notice: Notice (8): Undefined offset:  0 in [/home/gillette/public_html/site/app_controller.php, line 94]
2013-02-24 06:13:25 Notice: Notice (8): Undefined offset:  0 in [/home/gillette/public_html/site/app_controller.php, line 94]
2013-02-27 17:07:58 Notice: Notice (8): Undefined offset:  0 in [/home/gillette/public_html/site/app_controller.php, line 94]
2013-03-04 08:44:55 Notice: Notice (8): Undefined offset:  0 in [/home/gillette/public_html/site/app_controller.php, line 94]
2013-03-04 20:32:19 Notice: Notice (8): Undefined offset:  0 in [/home/gillette/public_html/site/app_controller.php, line 94]
2013-03-07 03:29:52 Notice: Notice (8): Undefined offset:  0 in [/home/gillette/public_html/site/app_controller.php, line 94]
2013-03-10 05:00:48 Notice: Notice (8): Undefined offset:  0 in [/home/gillette/public_html/site/app_controller.php, line 94]
2013-03-11 17:36:59 Notice: Notice (8): Undefined offset:  0 in [/home/gillette/public_html/site/app_controller.php, line 94]
2013-03-14 02:47:57 Notice: Notice (8): Undefined offset:  0 in [/home/gillette/public_html/site/app_controller.php, line 94]
2013-03-15 04:04:56 Notice: Notice (8): Undefined offset:  0 in [/home/gillette/public_html/site/app_controller.php, line 94]
2013-03-16 23:09:11 Notice: Notice (8): Undefined offset:  0 in [/home/gillette/public_html/site/app_controller.php, line 94]
2013-03-17 13:22:52 Notice: Notice (8): Undefined offset:  0 in [/home/gillette/public_html/site/app_controller.php, line 94]
2013-03-18 06:39:22 Notice: Notice (8): Undefined offset:  0 in [/home/gillette/public_html/site/app_controller.php, line 94]
2013-03-19 19:05:50 Notice: Notice (8): Undefined offset:  0 in [/home/gillette/public_html/site/app_controller.php, line 94]
2013-03-23 09:13:51 Notice: Notice (8): Undefined offset:  0 in [/home/gillette/public_html/site/app_controller.php, line 94]
2013-03-23 14:48:09 Notice: Notice (8): Undefined offset:  0 in [/home/gillette/public_html/site/app_controller.php, line 94]
2013-03-26 08:23:46 Notice: Notice (8): Undefined offset:  0 in [/home/gillette/public_html/site/app_controller.php, line 94]
2013-03-28 11:03:51 Notice: Notice (8): Undefined offset:  0 in [/home/gillette/public_html/site/app_controller.php, line 94]
2013-03-30 08:16:32 Notice: Notice (8): Undefined offset:  0 in [/home/gillette/public_html/site/app_controller.php, line 94]
2013-03-30 19:08:23 Notice: Notice (8): Undefined offset:  0 in [/home/gillette/public_html/site/app_controller.php, line 94]
2013-03-31 04:05:57 Notice: Notice (8): Undefined offset:  0 in [/home/gillette/public_html/site/app_controller.php, line 94]
2013-04-04 04:02:09 Notice: Notice (8): Undefined offset:  0 in [/home/gillette/public_html/site/app_controller.php, line 94]
2013-04-06 22:07:04 Notice: Notice (8): Undefined variable: galeria_atual in [/home/gillette/public_html/site/controllers/galerias_controller.php, line 104]
2013-04-09 01:25:06 Notice: Notice (8): Undefined offset:  0 in [/home/gillette/public_html/site/app_controller.php, line 94]
2013-04-09 23:25:40 Notice: Notice (8): Undefined offset:  0 in [/home/gillette/public_html/site/app_controller.php, line 94]
2013-04-12 04:22:51 Notice: Notice (8): Undefined offset:  0 in [/home/gillette/public_html/site/app_controller.php, line 94]
2013-04-12 22:58:50 Notice: Notice (8): Undefined offset:  0 in [/home/gillette/public_html/site/app_controller.php, line 94]
2013-04-15 07:50:50 Notice: Notice (8): Undefined offset:  0 in [/home/gillette/public_html/site/app_controller.php, line 94]
2013-04-19 05:49:34 Notice: Notice (8): Undefined offset:  0 in [/home/gillette/public_html/site/app_controller.php, line 94]
2013-04-20 17:01:01 Notice: Notice (8): Undefined offset:  0 in [/home/gillette/public_html/site/app_controller.php, line 94]
2013-04-25 00:35:08 Notice: Notice (8): Undefined offset:  0 in [/home/gillette/public_html/site/app_controller.php, line 94]
2013-04-25 06:46:00 Notice: Notice (8): Undefined offset:  0 in [/home/gillette/public_html/site/app_controller.php, line 94]
2013-04-27 06:07:19 Notice: Notice (8): Undefined offset:  0 in [/home/gillette/public_html/site/app_controller.php, line 94]
2013-04-29 19:49:44 Notice: Notice (8): Undefined offset:  0 in [/home/gillette/public_html/site/app_controller.php, line 94]
2013-04-29 20:04:57 Notice: Notice (8): Undefined offset:  0 in [/home/gillette/public_html/site/app_controller.php, line 94]
2013-05-03 00:04:25 Notice: Notice (8): Undefined variable: galeria_atual in [/home/gillette/public_html/site/controllers/galerias_controller.php, line 104]
2013-05-03 00:07:51 Notice: Notice (8): Undefined variable: galeria_atual in [/home/gillette/public_html/site/controllers/galerias_controller.php, line 104]
2013-05-05 05:57:08 Notice: Notice (8): Undefined offset:  0 in [/home/gillette/public_html/site/app_controller.php, line 94]
2013-05-06 08:41:48 Notice: Notice (8): Undefined variable: galeria_atual in [/home/gillette/public_html/site/controllers/galerias_controller.php, line 104]
2013-05-06 08:43:05 Notice: Notice (8): Undefined variable: galeria_atual in [/home/gillette/public_html/site/controllers/galerias_controller.php, line 104]
2013-05-06 08:43:09 Notice: Notice (8): Undefined variable: galeria_atual in [/home/gillette/public_html/site/controllers/galerias_controller.php, line 104]
2013-05-06 08:43:15 Notice: Notice (8): Undefined variable: galeria_atual in [/home/gillette/public_html/site/controllers/galerias_controller.php, line 104]
2013-05-06 08:43:21 Notice: Notice (8): Undefined variable: galeria_atual in [/home/gillette/public_html/site/controllers/galerias_controller.php, line 104]
2013-05-06 08:43:32 Notice: Notice (8): Undefined variable: galeria_atual in [/home/gillette/public_html/site/controllers/galerias_controller.php, line 104]
2013-05-06 08:43:48 Notice: Notice (8): Undefined variable: galeria_atual in [/home/gillette/public_html/site/controllers/galerias_controller.php, line 104]
2013-05-06 08:45:30 Notice: Notice (8): Undefined variable: galeria_atual in [/home/gillette/public_html/site/controllers/galerias_controller.php, line 104]
2013-05-06 08:45:39 Notice: Notice (8): Undefined variable: galeria_atual in [/home/gillette/public_html/site/controllers/galerias_controller.php, line 104]
2013-05-06 08:45:58 Notice: Notice (8): Undefined variable: galeria_atual in [/home/gillette/public_html/site/controllers/galerias_controller.php, line 104]
2013-05-06 08:47:36 Notice: Notice (8): Undefined variable: galeria_atual in [/home/gillette/public_html/site/controllers/galerias_controller.php, line 104]
2013-05-06 08:48:09 Notice: Notice (8): Undefined variable: galeria_atual in [/home/gillette/public_html/site/controllers/galerias_controller.php, line 104]
2013-05-06 08:48:30 Notice: Notice (8): Undefined variable: galeria_atual in [/home/gillette/public_html/site/controllers/galerias_controller.php, line 104]
2013-05-06 08:48:45 Notice: Notice (8): Undefined variable: galeria_atual in [/home/gillette/public_html/site/controllers/galerias_controller.php, line 104]
2013-05-06 08:48:55 Notice: Notice (8): Undefined variable: galeria_atual in [/home/gillette/public_html/site/controllers/galerias_controller.php, line 104]
2013-05-06 08:49:08 Notice: Notice (8): Undefined variable: galeria_atual in [/home/gillette/public_html/site/controllers/galerias_controller.php, line 104]
2013-05-07 01:44:26 Notice: Notice (8): Undefined offset:  0 in [/home/gillette/public_html/site/app_controller.php, line 94]
2013-05-11 14:50:26 Notice: Notice (8): Undefined offset:  0 in [/home/gillette/public_html/site/app_controller.php, line 94]
2013-05-16 15:06:37 Notice: Notice (8): Undefined offset:  0 in [/home/gillette/public_html/site/app_controller.php, line 94]
2013-05-22 09:52:03 Notice: Notice (8): Undefined offset:  0 in [/home/gillette/public_html/site/app_controller.php, line 94]
2013-05-27 20:04:41 Notice: Notice (8): Undefined offset:  0 in [/home/gillette/public_html/site/app_controller.php, line 94]
2013-05-29 11:23:08 Notice: Notice (8): Undefined offset:  0 in [/home/gillette/public_html/site/app_controller.php, line 94]
2013-06-06 15:16:05 Notice: Notice (8): Undefined offset:  0 in [/home/gillette/public_html/site/app_controller.php, line 94]
2013-06-06 20:33:47 Notice: Notice (8): Undefined offset:  0 in [/home/gillette/public_html/site/app_controller.php, line 94]
2013-06-09 18:15:29 Notice: Notice (8): Undefined variable: galeria_atual in [/home/gillette/public_html/site/controllers/galerias_controller.php, line 104]
2013-06-10 00:05:59 Notice: Notice (8): Undefined variable: galeria_atual in [/home/gillette/public_html/site/controllers/galerias_controller.php, line 104]
2013-06-12 12:41:26 Notice: Notice (8): Undefined offset:  0 in [/home/gillette/public_html/site/app_controller.php, line 94]
2013-06-17 12:04:13 Notice: Notice (8): Undefined offset:  0 in [/home/gillette/public_html/site/app_controller.php, line 94]
2013-06-27 11:49:49 Notice: Notice (8): Undefined offset:  0 in [/home/gillette/public_html/site/app_controller.php, line 94]
2013-06-29 17:51:31 Notice: Notice (8): Undefined offset:  0 in [/home/gillette/public_html/site/app_controller.php, line 94]
2013-07-11 14:54:41 Notice: Notice (8): Undefined offset:  0 in [/home/gillette/public_html/site/app_controller.php, line 94]
2013-07-16 21:31:40 Notice: Notice (8): Undefined variable: galeria_atual in [/home/gillette/public_html/site/controllers/galerias_controller.php, line 104]
2013-07-19 10:16:22 Notice: Notice (8): Undefined offset:  0 in [/home/gillette/public_html/site/app_controller.php, line 94]
2013-07-24 22:43:04 Notice: Notice (8): Undefined offset:  0 in [/home/gillette/public_html/site/app_controller.php, line 94]
2013-07-26 13:13:47 Notice: Notice (8): Undefined offset:  0 in [/home/gillette/public_html/site/app_controller.php, line 94]
2013-07-28 13:16:27 Notice: Notice (8): Undefined offset:  0 in [/home/gillette/public_html/site/app_controller.php, line 94]
2013-07-31 06:10:08 Notice: Notice (8): Undefined offset:  0 in [/home/gillette/public_html/site/app_controller.php, line 94]
2013-08-02 03:08:08 Notice: Notice (8): Undefined offset:  0 in [/home/gillette/public_html/site/app_controller.php, line 94]
2013-08-27 13:29:17 Notice: Notice (8): Undefined offset:  0 in [/home/gillette/public_html/site/app_controller.php, line 94]
2013-08-29 13:44:06 Notice: Notice (8): Undefined offset:  0 in [/home/gillette/public_html/site/app_controller.php, line 94]
2013-09-02 01:24:18 Notice: Notice (8): Undefined offset:  0 in [/home/gillette/public_html/site/app_controller.php, line 94]
2013-09-17 22:54:43 Notice: Notice (8): Undefined variable: galeria_atual in [/home/gillette/public_html/site/controllers/galerias_controller.php, line 104]
2013-09-19 04:47:26 Notice: Notice (8): Undefined offset:  0 in [/home/gillette/public_html/site/app_controller.php, line 94]
2013-09-23 21:57:11 Notice: Notice (8): Undefined offset:  0 in [/home/gillette/public_html/site/app_controller.php, line 94]
2013-09-30 10:55:27 Notice: Notice (8): Undefined offset:  0 in [/home/gillette/public_html/site/app_controller.php, line 94]
2013-10-14 13:22:38 Notice: Notice (8): Undefined offset:  0 in [/home/gillette/public_html/site/app_controller.php, line 94]
2013-11-23 15:51:18 Notice: Notice (8): Undefined offset:  0 in [/home/gillette/public_html/site/app_controller.php, line 94]
2013-12-11 08:03:41 Notice: Notice (8): Undefined variable: galeria_atual in [/home/gillette/public_html/site/controllers/galerias_controller.php, line 104]
2013-12-22 06:21:02 Notice: Notice (8): Undefined offset:  0 in [/home/gillette/public_html/site/app_controller.php, line 94]
2013-12-27 11:40:59 Notice: Notice (8): Undefined offset:  0 in [/home/gillette/public_html/site/app_controller.php, line 94]
2013-12-30 17:01:45 Notice: Notice (8): Undefined offset:  0 in [/home/gillette/public_html/site/app_controller.php, line 94]
2014-01-12 21:00:38 Notice: Notice (8): Undefined offset:  0 in [/home/gillette/public_html/site/app_controller.php, line 94]
2014-01-29 22:52:33 Notice: Notice (8): Undefined offset:  0 in [/home/gillette/public_html/site/app_controller.php, line 94]
2014-02-05 15:41:59 Notice: Notice (8): Undefined offset:  0 in [/home/gillette/public_html/site/app_controller.php, line 94]
2014-02-16 14:51:33 Notice: Notice (8): Undefined offset:  0 in [/home/gillette/public_html/site/app_controller.php, line 94]
2014-03-03 12:07:37 Notice: Notice (8): Undefined variable: galeria_atual in [/home/gillette/public_html/site/controllers/galerias_controller.php, line 104]
2014-03-22 01:28:28 Notice: Notice (8): Undefined offset: 0 in [/home/gillette/public_html/site/app_controller.php, line 94]
2014-04-23 17:45:58 Notice: Notice (8): Undefined offset: 0 in [/home/gillette/public_html/site/app_controller.php, line 94]
2014-04-25 13:11:02 Notice: Notice (8): Undefined offset: 0 in [/home/gillette/public_html/site/app_controller.php, line 94]
2014-05-13 09:20:53 Notice: Notice (8): Undefined offset: 0 in [/home/gillette/public_html/site/app_controller.php, line 94]
2014-05-27 15:10:05 Notice: Notice (8): A non well formed numeric value encountered in [/home/gillette/cakephp_framework.1.3/cake/libs/view/media.php, line 184]
2014-06-06 03:14:16 Notice: Notice (8): Undefined offset: 0 in [/home/gillette/public_html/site/app_controller.php, line 94]
2014-06-13 02:34:12 Notice: Notice (8): Undefined variable: galeria_atual in [/home/gillette/public_html/site/controllers/galerias_controller.php, line 104]
2014-06-15 08:57:45 Notice: Notice (8): Undefined offset: 0 in [/home/gillette/public_html/site/app_controller.php, line 94]
2014-06-17 23:42:07 Notice: Notice (8): A non well formed numeric value encountered in [/home/gillette/cakephp_framework.1.3/cake/libs/view/media.php, line 184]
2014-06-26 23:24:09 Notice: Notice (8): Undefined variable: galeria_atual in [/home/gillette/public_html/site/controllers/galerias_controller.php, line 104]
2014-07-02 09:26:59 Notice: Notice (8): Undefined offset: 0 in [/home/gillette/public_html/site/app_controller.php, line 94]
2014-07-10 19:14:42 Notice: Notice (8): Undefined variable: galeria_atual in [/home/gillette/public_html/site/controllers/galerias_controller.php, line 104]
2014-07-18 15:11:36 Notice: Notice (8): Undefined offset: 0 in [/home/gillette/public_html/site/app_controller.php, line 94]
2014-07-19 05:32:26 Notice: Notice (8): Undefined offset: 0 in [/home/gillette/public_html/site/app_controller.php, line 94]
2014-07-23 20:27:35 Notice: Notice (8): A non well formed numeric value encountered in [/home/gillette/cakephp_framework.1.3/cake/libs/view/media.php, line 184]
2014-07-23 20:27:35 Notice: Notice (8): A non well formed numeric value encountered in [/home/gillette/cakephp_framework.1.3/cake/libs/view/media.php, line 184]
2014-07-24 19:00:40 Notice: Notice (8): Undefined offset: 0 in [/home/gillette/public_html/site/app_controller.php, line 94]
2014-07-29 20:09:30 Notice: Notice (8): Undefined offset: 0 in [/home/gillette/public_html/site/app_controller.php, line 94]
2014-08-13 11:48:09 Notice: Notice (8): A non well formed numeric value encountered in [/home/gillette/cakephp_framework.1.3/cake/libs/view/media.php, line 184]
2014-08-21 10:35:30 Notice: Notice (8): Undefined offset: 0 in [/home/gillette/public_html/site/app_controller.php, line 94]
2014-09-07 09:45:38 Notice: Notice (8): Undefined offset: 0 in [/home/gillette/public_html/site/app_controller.php, line 94]
2014-09-11 06:29:14 Notice: Notice (8): Undefined offset: 0 in [/home/gillette/public_html/site/app_controller.php, line 94]
2014-09-23 22:36:07 Notice: Notice (8): A non well formed numeric value encountered in [/home/gillette/cakephp_framework.1.3/cake/libs/view/media.php, line 184]
2014-09-23 22:36:33 Notice: Notice (8): A non well formed numeric value encountered in [/home/gillette/cakephp_framework.1.3/cake/libs/view/media.php, line 184]
2014-09-23 22:36:37 Notice: Notice (8): A non well formed numeric value encountered in [/home/gillette/cakephp_framework.1.3/cake/libs/view/media.php, line 184]
2014-10-11 20:38:08 Notice: Notice (8): Undefined offset: 0 in [/home/gillette/public_html/site/app_controller.php, line 94]
2014-10-29 15:14:47 Notice: Notice (8): Undefined offset: 0 in [/home/gillette/public_html/site/app_controller.php, line 94]
2014-11-12 00:43:05 Notice: Notice (8): Undefined offset: 0 in [/home/gillette/public_html/site/app_controller.php, line 94]
2015-05-01 23:39:32 Notice: Notice (8): Undefined offset: 0 in [/home/gillette/public_html/site/app_controller.php, line 94]
2015-05-03 18:27:35 Notice: Notice (8): Undefined offset: 0 in [/home/gillette/public_html/site/app_controller.php, line 94]
2015-05-08 15:37:43 Notice: Notice (8): Undefined offset: 0 in [/home/gillette/public_html/site/app_controller.php, line 94]
2015-05-09 16:37:36 Notice: Notice (8): Undefined offset: 0 in [/home/gillette/public_html/site/app_controller.php, line 94]
2015-05-20 01:09:36 Notice: Notice (8): Undefined offset: 0 in [/home/gillette/public_html/site/app_controller.php, line 94]
2015-06-08 13:34:29 Notice: Notice (8): Undefined offset: 0 in [/home/gillette/public_html/site/app_controller.php, line 94]
